<?xml version="1.0" encoding="UTF-8"?>
<!-- Generated by org.testng.reporters.JUnitReportReporter -->
<testsuite hostname="Deesha" failures="0" tests="8" name="api.tests.DataDrivenTests" time="10.437" errors="0" timestamp="2024-10-15T14:15:20 BST" skipped="0">
  <testcase classname="api.tests.DataDrivenTests" name="testCreationUser" time="3.169"/>
  <testcase classname="api.tests.DataDrivenTests" name="testCreationUser" time="0.855"/>
  <testcase classname="api.tests.DataDrivenTests" name="testGetUserRequest" time="0.568"/>
  <testcase classname="api.tests.DataDrivenTests" name="testGetUserRequest" time="0.556"/>
  <testcase classname="api.tests.DataDrivenTests" name="testUpdateDetailsRequest" time="1.357"/>
  <testcase classname="api.tests.DataDrivenTests" name="testUpdateDetailsRequest" time="1.623"/>
  <testcase classname="api.tests.DataDrivenTests" name="testDeleteUserRequest" time="0.542"/>
  <testcase classname="api.tests.DataDrivenTests" name="testDeleteUserRequest" time="1.767"/>
</testsuite> <!-- api.tests.DataDrivenTests -->
