<?xml version="1.0" encoding="UTF-8"?>
<!-- Generated by org.testng.reporters.JUnitReportReporter -->
<testsuite hostname="Deesha" failures="0" tests="4" name="api.tests.UserTests" time="4.533" errors="0" timestamp="2024-10-16T17:37:08 BST" skipped="0">
  <testcase classname="api.tests.UserTests" name="postUserTest" time="2.424"/>
  <testcase classname="api.tests.UserTests" name="getUserDetailsTest" time="0.538"/>
  <testcase classname="api.tests.UserTests" name="updateUserDetailsTest" time="1.037"/>
  <testcase classname="api.tests.UserTests" name="deleteUserTest" time="0.534"/>
</testsuite> <!-- api.tests.UserTests -->
