<?xml version="1.0" encoding="UTF-8"?>
<!-- Generated by org.testng.reporters.JUnitReportReporter -->
<testsuite hostname="Deesha" failures="0" tests="4" name="api.tests.UserTests" time="6.063" errors="0" timestamp="2024-10-18T14:25:38 BST" skipped="0">
  <testcase classname="api.tests.UserTests" name="postUserTest" time="3.515"/>
  <testcase classname="api.tests.UserTests" name="getUserDetailsTest" time="0.824"/>
  <testcase classname="api.tests.UserTests" name="updateUserDetailsTest" time="1.122"/>
  <testcase classname="api.tests.UserTests" name="deleteUserTest" time="0.602"/>
</testsuite> <!-- api.tests.UserTests -->
